2025.05.28 18:24:32 INFO  ce[][o.s.p.ProcessEntryPoint] Starting Compute Engine
2025.05.28 18:24:32 INFO  ce[][o.s.ce.app.CeServer] Compute Engine starting up...
2025.05.28 18:24:34 INFO  ce[][o.s.d.DefaultDatabase] Create JDBC data source for jdbc:h2:tcp://127.0.0.1:9092/sonar;NON_KEYWORDS=VALUE
2025.05.28 18:24:34 INFO  ce[][c.z.h.HikariDataSource] HikariPool-1 - Starting...
2025.05.28 18:24:34 INFO  ce[][c.z.h.p.HikariPool] HikariPool-1 - Added connection conn0: url=jdbc:h2:tcp://127.0.0.1:9092/sonar user=
2025.05.28 18:24:34 INFO  ce[][c.z.h.HikariDataSource] HikariPool-1 - Start completed.
2025.05.28 18:24:34 WARN  ce[][o.s.db.dialect.H2] H2 database should be used for evaluation purpose only.
2025.05.28 18:24:48 INFO  ce[][o.s.s.p.ServerFileSystemImpl] SonarQube home: /home/krayu/PyPractice/sonarqube
2025.05.28 18:24:49 INFO  ce[][o.s.c.c.CePluginRepository] Load plugins
2025.05.28 18:25:02 INFO  ce[][o.s.c.c.ComputeEngineContainerImpl] Running Community edition
2025.05.28 18:25:02 INFO  ce[][o.s.ce.app.CeServer] Compute Engine is started
2025.05.28 18:31:42 INFO  ce[][o.s.c.t.CeWorkerImpl] Execute task | project=flask-app | type=REPORT | id=AZcYKgmUoQyExEr9Pedw | submitter=admin
2025.05.28 18:31:48 INFO  ce[AZcYKgmUoQyExEr9Pedw][o.s.c.t.s.ComputationStepExecutor] Extract report | status=SUCCESS | time=443ms
2025.05.28 18:31:48 INFO  ce[AZcYKgmUoQyExEr9Pedw][o.s.c.t.s.ComputationStepExecutor] Persist scanner context | status=SUCCESS | time=126ms
2025.05.28 18:31:49 INFO  ce[AZcYKgmUoQyExEr9Pedw][o.s.c.t.s.ComputationStepExecutor] Propagate analysis warnings from scanner report | status=SUCCESS | time=249ms
2025.05.28 18:31:49 INFO  ce[AZcYKgmUoQyExEr9Pedw][o.s.c.t.s.ComputationStepExecutor] Generate analysis UUID | status=SUCCESS | time=1ms
2025.05.28 18:31:49 INFO  ce[AZcYKgmUoQyExEr9Pedw][o.s.c.t.s.ComputationStepExecutor] Load analysis metadata | status=SUCCESS | time=675ms
2025.05.28 18:31:49 INFO  ce[AZcYKgmUoQyExEr9Pedw][o.s.c.t.s.ComputationStepExecutor] Initialize | status=SUCCESS | time=0ms
2025.05.28 18:31:50 INFO  ce[AZcYKgmUoQyExEr9Pedw][o.s.c.t.s.ComputationStepExecutor] Build tree of components | components=14 | status=SUCCESS | time=127ms
2025.05.28 18:31:50 INFO  ce[AZcYKgmUoQyExEr9Pedw][o.s.c.t.s.ComputationStepExecutor] Validate project | status=SUCCESS | time=12ms
2025.05.28 18:31:50 INFO  ce[AZcYKgmUoQyExEr9Pedw][o.s.s.e.EsClientProvider] Connected to local Elasticsearch: [http://localhost:9001]
2025.05.28 18:32:26 INFO  ce[AZcYKgmUoQyExEr9Pedw][o.s.c.t.s.ComputationStepExecutor] Load quality profiles | status=SUCCESS | time=34710ms
2025.05.28 18:32:26 INFO  ce[AZcYKgmUoQyExEr9Pedw][o.s.c.t.s.ComputationStepExecutor] Checks executed before computation of measures | status=SUCCESS | time=4ms
2025.05.28 18:32:26 INFO  ce[AZcYKgmUoQyExEr9Pedw][o.s.c.t.s.ComputationStepExecutor] Generate SQ Upgrade analysis events | status=SUCCESS | time=75ms
2025.05.28 18:32:26 INFO  ce[AZcYKgmUoQyExEr9Pedw][o.s.c.t.s.ComputationStepExecutor] Load file hashes and statuses | status=SUCCESS | time=88ms
2025.05.28 18:32:27 INFO  ce[AZcYKgmUoQyExEr9Pedw][o.s.c.t.s.ComputationStepExecutor] Load Quality gate | status=SUCCESS | time=132ms
2025.05.28 18:32:27 INFO  ce[AZcYKgmUoQyExEr9Pedw][o.s.c.t.s.ComputationStepExecutor] Load new code period | status=SUCCESS | time=20ms
2025.05.28 18:32:27 INFO  ce[AZcYKgmUoQyExEr9Pedw][o.s.c.t.s.ComputationStepExecutor] Detect file moves | status=SUCCESS | time=0ms
2025.05.28 18:32:27 INFO  ce[AZcYKgmUoQyExEr9Pedw][o.s.c.t.s.ComputationStepExecutor] Detect file moves in Pull Request scope | status=SUCCESS | time=0ms
2025.05.28 18:32:27 INFO  ce[AZcYKgmUoQyExEr9Pedw][o.s.c.t.s.ComputationStepExecutor] Load duplications | duplications=0 | status=SUCCESS | time=15ms
2025.05.28 18:32:27 INFO  ce[AZcYKgmUoQyExEr9Pedw][o.s.c.t.s.ComputationStepExecutor] Compute cross project duplications | status=SUCCESS | time=0ms
2025.05.28 18:32:27 INFO  ce[AZcYKgmUoQyExEr9Pedw][o.s.c.t.s.ComputationStepExecutor] Compute size measures | status=SUCCESS | time=49ms
2025.05.28 18:32:27 INFO  ce[AZcYKgmUoQyExEr9Pedw][o.s.c.t.s.ComputationStepExecutor] Compute new coverage | status=SUCCESS | time=20ms
2025.05.28 18:32:27 INFO  ce[AZcYKgmUoQyExEr9Pedw][o.s.c.t.s.ComputationStepExecutor] Compute coverage measures | status=SUCCESS | time=34ms
2025.05.28 18:32:27 INFO  ce[AZcYKgmUoQyExEr9Pedw][o.s.c.t.s.ComputationStepExecutor] Compute comment measures | status=SUCCESS | time=5ms
2025.05.28 18:32:27 INFO  ce[AZcYKgmUoQyExEr9Pedw][o.s.c.t.s.ComputationStepExecutor] Compute duplication measures | status=SUCCESS | time=6ms
2025.05.28 18:32:27 INFO  ce[AZcYKgmUoQyExEr9Pedw][o.s.c.t.s.ComputationStepExecutor] Compute size measures on new code | status=SUCCESS | time=3ms
2025.05.28 18:32:27 INFO  ce[AZcYKgmUoQyExEr9Pedw][o.s.c.t.s.ComputationStepExecutor] Compute language distribution | status=SUCCESS | time=83ms
2025.05.28 18:32:27 INFO  ce[AZcYKgmUoQyExEr9Pedw][o.s.c.t.s.ComputationStepExecutor] Compute test measures | status=SUCCESS | time=7ms
2025.05.28 18:32:27 INFO  ce[AZcYKgmUoQyExEr9Pedw][o.s.c.t.s.ComputationStepExecutor] Compute complexity measures | status=SUCCESS | time=4ms
2025.05.28 18:32:27 INFO  ce[AZcYKgmUoQyExEr9Pedw][o.s.c.t.s.ComputationStepExecutor] Load measure computers | status=SUCCESS | time=22ms
2025.05.28 18:32:27 INFO  ce[AZcYKgmUoQyExEr9Pedw][o.s.c.t.s.ComputationStepExecutor] Compute Quality Profile status | status=SUCCESS | time=16ms
2025.05.28 18:32:31 INFO  ce[AZcYKgmUoQyExEr9Pedw][o.s.c.t.s.ComputationStepExecutor] Execute component visitors | status=SUCCESS | time=1202ms
2025.05.28 18:32:31 INFO  ce[AZcYKgmUoQyExEr9Pedw][o.s.c.t.s.ComputationStepExecutor] Checks executed after computation of measures | status=SUCCESS | time=15ms
2025.05.28 18:32:31 INFO  ce[AZcYKgmUoQyExEr9Pedw][o.s.c.t.s.ComputationStepExecutor] Compute Quality Gate measures | status=SUCCESS | time=212ms
2025.05.28 18:32:31 INFO  ce[AZcYKgmUoQyExEr9Pedw][o.s.c.t.s.ComputationStepExecutor] Compute Quality profile measures | status=SUCCESS | time=67ms
2025.05.28 18:32:31 INFO  ce[AZcYKgmUoQyExEr9Pedw][o.s.c.t.s.ComputationStepExecutor] Generate Quality profile events | status=SUCCESS | time=4ms
2025.05.28 18:32:31 INFO  ce[AZcYKgmUoQyExEr9Pedw][o.s.c.t.s.ComputationStepExecutor] Generate Quality gate events | status=SUCCESS | time=4ms
2025.05.28 18:32:31 INFO  ce[AZcYKgmUoQyExEr9Pedw][o.s.c.t.s.ComputationStepExecutor] Generate Issue Detection events | status=SUCCESS | time=7ms
2025.05.28 18:32:31 INFO  ce[AZcYKgmUoQyExEr9Pedw][o.s.c.t.s.ComputationStepExecutor] Check upgrade possibility for not analyzed code files. | status=SUCCESS | time=19ms
2025.05.28 18:32:32 INFO  ce[AZcYKgmUoQyExEr9Pedw][o.s.c.t.s.ComputationStepExecutor] Persist scanner analysis cache | status=SUCCESS | time=91ms
2025.05.28 18:32:32 INFO  ce[AZcYKgmUoQyExEr9Pedw][o.s.c.t.s.ComputationStepExecutor] Persist components | status=SUCCESS | time=240ms
2025.05.28 18:32:32 INFO  ce[AZcYKgmUoQyExEr9Pedw][o.s.c.t.s.ComputationStepExecutor] Persist analysis | status=SUCCESS | time=20ms
2025.05.28 18:32:32 INFO  ce[AZcYKgmUoQyExEr9Pedw][o.s.c.t.s.ComputationStepExecutor] Persist analysis properties | status=SUCCESS | time=21ms
2025.05.28 18:32:32 INFO  ce[AZcYKgmUoQyExEr9Pedw][o.s.c.t.s.ComputationStepExecutor] Persist measures | inserts=51 | status=SUCCESS | time=82ms
2025.05.28 18:32:33 INFO  ce[AZcYKgmUoQyExEr9Pedw][o.s.c.t.s.ComputationStepExecutor] Persist live measures | insertsOrUpdates=437 | status=SUCCESS | time=764ms
2025.05.28 18:32:33 INFO  ce[AZcYKgmUoQyExEr9Pedw][o.s.c.t.s.ComputationStepExecutor] Persist duplication data | insertsOrUpdates=0 | status=SUCCESS | time=14ms
2025.05.28 18:32:33 INFO  ce[AZcYKgmUoQyExEr9Pedw][o.s.c.t.s.ComputationStepExecutor] Persist new ad hoc Rules | status=SUCCESS | time=1ms
2025.05.28 18:32:33 INFO  ce[AZcYKgmUoQyExEr9Pedw][o.s.c.t.s.ComputationStepExecutor] Persist issues | cacheSize=5.0 kB | inserts=10 | updates=0 | merged=0 | status=SUCCESS | time=149ms
2025.05.28 18:32:33 INFO  ce[AZcYKgmUoQyExEr9Pedw][o.s.c.t.s.ComputationStepExecutor] Delete issue changes | changes=0 | status=SUCCESS | time=1ms
2025.05.28 18:32:33 INFO  ce[AZcYKgmUoQyExEr9Pedw][o.s.c.t.s.ComputationStepExecutor] Persist project links | status=SUCCESS | time=69ms
2025.05.28 18:32:33 INFO  ce[AZcYKgmUoQyExEr9Pedw][o.s.c.t.s.ComputationStepExecutor] Persist events | status=SUCCESS | time=37ms
2025.05.28 18:32:34 INFO  ce[AZcYKgmUoQyExEr9Pedw][o.s.c.t.s.ComputationStepExecutor] Persist sources | status=SUCCESS | time=675ms
2025.05.28 18:32:34 INFO  ce[AZcYKgmUoQyExEr9Pedw][o.s.c.t.s.ComputationStepExecutor] Persist cross project duplications | status=SUCCESS | time=0ms
2025.05.28 18:32:34 INFO  ce[AZcYKgmUoQyExEr9Pedw][o.s.c.t.s.ComputationStepExecutor] Enable analysis | status=SUCCESS | time=10ms
2025.05.28 18:32:34 INFO  ce[AZcYKgmUoQyExEr9Pedw][o.s.c.t.s.ComputationStepExecutor] Update last usage date of quality profiles | status=SUCCESS | time=58ms
2025.05.28 18:32:34 INFO  ce[AZcYKgmUoQyExEr9Pedw][o.s.c.t.s.ComputationStepExecutor] Purge db | status=SUCCESS | time=360ms
2025.05.28 18:32:40 INFO  ce[AZcYKgmUoQyExEr9Pedw][o.s.c.t.s.ComputationStepExecutor] Index analysis | status=SUCCESS | time=5579ms
2025.05.28 18:32:40 INFO  ce[AZcYKgmUoQyExEr9Pedw][o.s.c.t.s.ComputationStepExecutor] Update need issue sync for branch | status=SUCCESS | time=8ms
2025.05.28 18:32:40 INFO  ce[AZcYKgmUoQyExEr9Pedw][o.s.c.t.s.ComputationStepExecutor] Compute total Project ncloc | status=SUCCESS | time=16ms
2025.05.28 18:32:40 INFO  ce[AZcYKgmUoQyExEr9Pedw][o.s.c.t.s.ComputationStepExecutor] Publishing taint vulnerabilities and security hotspots events | status=SUCCESS | time=67ms
2025.05.28 18:32:40 INFO  ce[AZcYKgmUoQyExEr9Pedw][o.s.c.t.s.ComputationStepExecutor] Send issue notifications | newIssuesNotifs=0 | newIssuesDeliveries=0 | myNewIssuesNotifs=0 | myNewIssuesDeliveries=0 | changesNotifs=0 | changesDeliveries=0 | status=SUCCESS | time=10ms
2025.05.28 18:32:40 INFO  ce[AZcYKgmUoQyExEr9Pedw][o.s.c.t.s.ComputationStepExecutor] Publish task results | status=SUCCESS | time=2ms
2025.05.28 18:32:40 INFO  ce[AZcYKgmUoQyExEr9Pedw][o.s.c.t.s.ComputationStepExecutor] Trigger refresh of Portfolios and Applications | status=SUCCESS | time=0ms
2025.05.28 18:32:40 INFO  ce[AZcYKgmUoQyExEr9Pedw][o.s.c.t.p.a.p.PostProjectAnalysisTasksExecutor] Webhooks | globalWebhooks=0 | projectWebhooks=0 | status=SUCCESS | time=35ms
2025.05.28 18:32:40 INFO  ce[AZcYKgmUoQyExEr9Pedw][o.s.c.t.CeWorkerImpl] Executed task | project=flask-app | type=REPORT | id=AZcYKgmUoQyExEr9Pedw | submitter=admin | status=SUCCESS | time=58274ms
2025.05.28 18:43:43 INFO  ce[][o.s.c.t.CeWorkerImpl] Execute task | project=flask-app | type=REPORT | id=AZcYNRvPoQyExEr9Pedx | submitter=admin
2025.05.28 18:43:54 INFO  ce[AZcYNRvPoQyExEr9Pedx][o.s.c.t.s.ComputationStepExecutor] Extract report | status=SUCCESS | time=128ms
2025.05.28 18:43:54 INFO  ce[AZcYNRvPoQyExEr9Pedx][o.s.c.t.s.ComputationStepExecutor] Persist scanner context | status=SUCCESS | time=83ms
2025.05.28 18:43:54 INFO  ce[AZcYNRvPoQyExEr9Pedx][o.s.c.t.s.ComputationStepExecutor] Propagate analysis warnings from scanner report | status=SUCCESS | time=62ms
2025.05.28 18:43:54 INFO  ce[AZcYNRvPoQyExEr9Pedx][o.s.c.t.s.ComputationStepExecutor] Generate analysis UUID | status=SUCCESS | time=1ms
2025.05.28 18:43:54 INFO  ce[AZcYNRvPoQyExEr9Pedx][o.s.c.t.s.ComputationStepExecutor] Load analysis metadata | status=SUCCESS | time=129ms
2025.05.28 18:43:55 INFO  ce[AZcYNRvPoQyExEr9Pedx][o.s.c.t.s.ComputationStepExecutor] Initialize | status=SUCCESS | time=0ms
2025.05.28 18:43:55 INFO  ce[AZcYNRvPoQyExEr9Pedx][o.s.c.t.s.ComputationStepExecutor] Build tree of components | components=14 | status=SUCCESS | time=964ms
2025.05.28 18:43:56 INFO  ce[AZcYNRvPoQyExEr9Pedx][o.s.c.t.s.ComputationStepExecutor] Validate project | status=SUCCESS | time=30ms
2025.05.28 18:44:20 INFO  ce[AZcYNRvPoQyExEr9Pedx][o.s.c.t.s.ComputationStepExecutor] Load quality profiles | status=SUCCESS | time=24743ms
2025.05.28 18:44:20 INFO  ce[AZcYNRvPoQyExEr9Pedx][o.s.c.t.s.ComputationStepExecutor] Checks executed before computation of measures | status=SUCCESS | time=0ms
2025.05.28 18:44:20 INFO  ce[AZcYNRvPoQyExEr9Pedx][o.s.c.t.s.ComputationStepExecutor] Generate SQ Upgrade analysis events | status=SUCCESS | time=17ms
2025.05.28 18:44:20 INFO  ce[AZcYNRvPoQyExEr9Pedx][o.s.c.t.s.ComputationStepExecutor] Load file hashes and statuses | status=SUCCESS | time=143ms
2025.05.28 18:44:21 INFO  ce[AZcYNRvPoQyExEr9Pedx][o.s.c.t.s.ComputationStepExecutor] Load Quality gate | status=SUCCESS | time=19ms
2025.05.28 18:44:21 INFO  ce[AZcYNRvPoQyExEr9Pedx][o.s.c.t.s.ComputationStepExecutor] Load new code period | status=SUCCESS | time=64ms
2025.05.28 18:44:21 INFO  ce[AZcYNRvPoQyExEr9Pedx][o.s.c.t.s.ComputationStepExecutor] Detect file moves | reportFiles=8 | dbFiles=8 | addedFiles=0 | status=SUCCESS | time=85ms
2025.05.28 18:44:21 INFO  ce[AZcYNRvPoQyExEr9Pedx][o.s.c.t.s.ComputationStepExecutor] Detect file moves in Pull Request scope | status=SUCCESS | time=0ms
2025.05.28 18:44:21 INFO  ce[AZcYNRvPoQyExEr9Pedx][o.s.c.t.s.ComputationStepExecutor] Load duplications | duplications=0 | status=SUCCESS | time=13ms
2025.05.28 18:44:21 INFO  ce[AZcYNRvPoQyExEr9Pedx][o.s.c.t.s.ComputationStepExecutor] Compute cross project duplications | status=SUCCESS | time=0ms
2025.05.28 18:44:21 INFO  ce[AZcYNRvPoQyExEr9Pedx][o.s.c.t.s.ComputationStepExecutor] Compute size measures | status=SUCCESS | time=17ms
2025.05.28 18:44:21 INFO  ce[AZcYNRvPoQyExEr9Pedx][o.s.c.t.s.ComputationStepExecutor] Compute new coverage | status=SUCCESS | time=312ms
2025.05.28 18:44:21 INFO  ce[AZcYNRvPoQyExEr9Pedx][o.s.c.t.s.ComputationStepExecutor] Compute coverage measures | status=SUCCESS | time=11ms
2025.05.28 18:44:21 INFO  ce[AZcYNRvPoQyExEr9Pedx][o.s.c.t.s.ComputationStepExecutor] Compute comment measures | status=SUCCESS | time=2ms
2025.05.28 18:44:21 INFO  ce[AZcYNRvPoQyExEr9Pedx][o.s.c.t.s.ComputationStepExecutor] Compute duplication measures | status=SUCCESS | time=0ms
2025.05.28 18:44:21 INFO  ce[AZcYNRvPoQyExEr9Pedx][o.s.c.t.s.ComputationStepExecutor] Compute size measures on new code | status=SUCCESS | time=29ms
2025.05.28 18:44:21 INFO  ce[AZcYNRvPoQyExEr9Pedx][o.s.c.t.s.ComputationStepExecutor] Compute language distribution | status=SUCCESS | time=10ms
2025.05.28 18:44:21 INFO  ce[AZcYNRvPoQyExEr9Pedx][o.s.c.t.s.ComputationStepExecutor] Compute test measures | status=SUCCESS | time=0ms
2025.05.28 18:44:21 INFO  ce[AZcYNRvPoQyExEr9Pedx][o.s.c.t.s.ComputationStepExecutor] Compute complexity measures | status=SUCCESS | time=1ms
2025.05.28 18:44:21 INFO  ce[AZcYNRvPoQyExEr9Pedx][o.s.c.t.s.ComputationStepExecutor] Load measure computers | status=SUCCESS | time=1ms
2025.05.28 18:44:21 INFO  ce[AZcYNRvPoQyExEr9Pedx][o.s.c.t.s.ComputationStepExecutor] Compute Quality Profile status | status=SUCCESS | time=48ms
2025.05.28 18:44:22 INFO  ce[AZcYNRvPoQyExEr9Pedx][o.s.c.t.s.ComputationStepExecutor] Execute component visitors | status=SUCCESS | time=327ms
2025.05.28 18:44:22 INFO  ce[AZcYNRvPoQyExEr9Pedx][o.s.c.t.s.ComputationStepExecutor] Checks executed after computation of measures | status=SUCCESS | time=0ms
2025.05.28 18:44:22 INFO  ce[AZcYNRvPoQyExEr9Pedx][o.s.c.t.s.ComputationStepExecutor] Compute Quality Gate measures | status=SUCCESS | time=272ms
2025.05.28 18:44:22 INFO  ce[AZcYNRvPoQyExEr9Pedx][o.s.c.t.s.ComputationStepExecutor] Compute Quality profile measures | status=SUCCESS | time=3ms
2025.05.28 18:44:22 INFO  ce[AZcYNRvPoQyExEr9Pedx][o.s.c.t.s.ComputationStepExecutor] Generate Quality profile events | status=SUCCESS | time=49ms
2025.05.28 18:44:22 INFO  ce[AZcYNRvPoQyExEr9Pedx][o.s.c.t.s.ComputationStepExecutor] Generate Quality gate events | status=SUCCESS | time=55ms
2025.05.28 18:44:22 INFO  ce[AZcYNRvPoQyExEr9Pedx][o.s.c.t.s.ComputationStepExecutor] Generate Issue Detection events | status=SUCCESS | time=6ms
2025.05.28 18:44:22 INFO  ce[AZcYNRvPoQyExEr9Pedx][o.s.c.t.s.ComputationStepExecutor] Check upgrade possibility for not analyzed code files. | status=SUCCESS | time=2ms
2025.05.28 18:44:22 INFO  ce[AZcYNRvPoQyExEr9Pedx][o.s.c.t.s.ComputationStepExecutor] Persist scanner analysis cache | status=SUCCESS | time=20ms
2025.05.28 18:44:22 INFO  ce[AZcYNRvPoQyExEr9Pedx][o.s.c.t.s.ComputationStepExecutor] Persist components | status=SUCCESS | time=26ms
2025.05.28 18:44:22 INFO  ce[AZcYNRvPoQyExEr9Pedx][o.s.c.t.s.ComputationStepExecutor] Persist analysis | status=SUCCESS | time=1ms
2025.05.28 18:44:22 INFO  ce[AZcYNRvPoQyExEr9Pedx][o.s.c.t.s.ComputationStepExecutor] Persist analysis properties | status=SUCCESS | time=7ms
2025.05.28 18:44:22 INFO  ce[AZcYNRvPoQyExEr9Pedx][o.s.c.t.s.ComputationStepExecutor] Persist measures | inserts=53 | status=SUCCESS | time=33ms
2025.05.28 18:44:23 INFO  ce[AZcYNRvPoQyExEr9Pedx][o.s.c.t.s.ComputationStepExecutor] Persist live measures | insertsOrUpdates=659 | status=SUCCESS | time=565ms
2025.05.28 18:44:23 INFO  ce[AZcYNRvPoQyExEr9Pedx][o.s.c.t.s.ComputationStepExecutor] Persist duplication data | insertsOrUpdates=0 | status=SUCCESS | time=1ms
2025.05.28 18:44:23 INFO  ce[AZcYNRvPoQyExEr9Pedx][o.s.c.t.s.ComputationStepExecutor] Persist new ad hoc Rules | status=SUCCESS | time=0ms
2025.05.28 18:44:23 INFO  ce[AZcYNRvPoQyExEr9Pedx][o.s.c.t.s.ComputationStepExecutor] Persist issues | cacheSize=410 bytes | inserts=0 | updates=1 | merged=0 | status=SUCCESS | time=328ms
2025.05.28 18:44:23 INFO  ce[AZcYNRvPoQyExEr9Pedx][o.s.c.t.s.ComputationStepExecutor] Delete issue changes | changes=0 | status=SUCCESS | time=1ms
2025.05.28 18:44:23 INFO  ce[AZcYNRvPoQyExEr9Pedx][o.s.c.t.s.ComputationStepExecutor] Persist project links | status=SUCCESS | time=23ms
2025.05.28 18:44:23 INFO  ce[AZcYNRvPoQyExEr9Pedx][o.s.c.t.s.ComputationStepExecutor] Persist events | status=SUCCESS | time=17ms
2025.05.28 18:44:23 INFO  ce[AZcYNRvPoQyExEr9Pedx][o.s.c.t.s.ComputationStepExecutor] Persist sources | status=SUCCESS | time=157ms
2025.05.28 18:44:23 INFO  ce[AZcYNRvPoQyExEr9Pedx][o.s.c.t.s.ComputationStepExecutor] Persist cross project duplications | status=SUCCESS | time=0ms
2025.05.28 18:44:23 INFO  ce[AZcYNRvPoQyExEr9Pedx][o.s.c.t.s.ComputationStepExecutor] Enable analysis | status=SUCCESS | time=9ms
2025.05.28 18:44:23 INFO  ce[AZcYNRvPoQyExEr9Pedx][o.s.c.t.s.ComputationStepExecutor] Update last usage date of quality profiles | status=SUCCESS | time=60ms
2025.05.28 18:44:24 INFO  ce[AZcYNRvPoQyExEr9Pedx][o.s.c.t.s.ComputationStepExecutor] Purge db | status=SUCCESS | time=144ms
2025.05.28 18:44:27 INFO  ce[AZcYNRvPoQyExEr9Pedx][o.s.c.t.s.ComputationStepExecutor] Index analysis | status=SUCCESS | time=2952ms
2025.05.28 18:44:27 INFO  ce[AZcYNRvPoQyExEr9Pedx][o.s.c.t.s.ComputationStepExecutor] Update need issue sync for branch | status=SUCCESS | time=2ms
2025.05.28 18:44:27 INFO  ce[AZcYNRvPoQyExEr9Pedx][o.s.c.t.s.ComputationStepExecutor] Compute total Project ncloc | status=SUCCESS | time=32ms
2025.05.28 18:44:27 INFO  ce[AZcYNRvPoQyExEr9Pedx][o.s.c.t.s.ComputationStepExecutor] Publishing taint vulnerabilities and security hotspots events | status=SUCCESS | time=5ms
2025.05.28 18:44:27 INFO  ce[AZcYNRvPoQyExEr9Pedx][o.s.c.t.s.ComputationStepExecutor] Send issue notifications | newIssuesNotifs=0 | newIssuesDeliveries=0 | myNewIssuesNotifs=0 | myNewIssuesDeliveries=0 | changesNotifs=0 | changesDeliveries=0 | status=SUCCESS | time=7ms
2025.05.28 18:44:27 INFO  ce[AZcYNRvPoQyExEr9Pedx][o.s.c.t.s.ComputationStepExecutor] Publish task results | status=SUCCESS | time=0ms
2025.05.28 18:44:27 INFO  ce[AZcYNRvPoQyExEr9Pedx][o.s.c.t.s.ComputationStepExecutor] Trigger refresh of Portfolios and Applications | status=SUCCESS | time=0ms
2025.05.28 18:44:27 INFO  ce[AZcYNRvPoQyExEr9Pedx][o.s.c.t.p.a.p.PostProjectAnalysisTasksExecutor] Webhooks | globalWebhooks=0 | projectWebhooks=0 | status=SUCCESS | time=35ms
2025.05.28 18:44:27 INFO  ce[AZcYNRvPoQyExEr9Pedx][o.s.c.t.CeWorkerImpl] Executed task | project=flask-app | type=REPORT | id=AZcYNRvPoQyExEr9Pedx | submitter=admin | status=SUCCESS | time=43795ms
