2025.05.28 18:21:11 INFO  es[][o.e.n.Node] version[8.11.0], pid[50127], build[tar/d9ec3fa628c7b0ba3d25692e277ba26814820b20/2023-11-04T10:04:57.184859352Z], OS[Linux/6.6.87.1-microsoft-standard-WSL2/amd64], JVM[Ubuntu/OpenJDK 64-Bit Server VM/17.0.15/17.0.15+6-Ubuntu-0ubuntu124.04]
2025.05.28 18:21:11 INFO  es[][o.e.n.Node] JVM home [/usr/lib/jvm/java-17-openjdk-amd64], using bundled JDK [false]
2025.05.28 18:21:11 INFO  es[][o.e.n.Node] JVM arguments [-Des.networkaddress.cache.ttl=60, -Des.networkaddress.cache.negative.ttl=10, -Djava.security.manager=allow, -XX:+AlwaysPreTouch, -Xss1m, -Djava.awt.headless=true, -Dfile.encoding=UTF-8, -Djna.nosys=true, -XX:-OmitStackTraceInFastThrow, -Dio.netty.noUnsafe=true, -Dio.netty.noKeySetOptimization=true, -Dio.netty.recycler.maxCapacityPerThread=0, -Dlog4j.shutdownHookEnabled=false, -Dlog4j2.disable.jmx=true, -Dlog4j2.formatMsgNoLookups=true, -Djava.locale.providers=SPI,COMPAT, --add-opens=java.base/java.io=org.elasticsearch.preallocate, -XX:+UseG1GC, -Djava.io.tmpdir=/home/krayu/PyPractice/sonarqube/temp, -XX:ErrorFile=/home/krayu/PyPractice/sonarqube/logs/es_hs_err_pid%p.log, -Xlog:disable, -Des.networkaddress.cache.ttl=60, -Des.networkaddress.cache.negative.ttl=10, -XX:+AlwaysPreTouch, -Xss1m, -Djava.awt.headless=true, -Dfile.encoding=UTF-8, -Djna.nosys=true, -Djna.tmpdir=/home/krayu/PyPractice/sonarqube/temp, -XX:-OmitStackTraceInFastThrow, -Dio.netty.noUnsafe=true, -Dio.netty.noKeySetOptimization=true, -Dio.netty.recycler.maxCapacityPerThread=0, -Dio.netty.allocator.numDirectArenas=0, -Dlog4j.shutdownHookEnabled=false, -Dlog4j2.disable.jmx=true, -Dlog4j2.formatMsgNoLookups=true, -Djava.locale.providers=COMPAT, -Dcom.redhat.fips=false, -Xmx512m, -Xms512m, -XX:MaxDirectMemorySize=256m, -XX:+HeapDumpOnOutOfMemoryError, -XX:G1HeapRegionSize=4m, -XX:InitiatingHeapOccupancyPercent=30, -XX:G1ReservePercent=15, -Des.distribution.type=tar, --module-path=/home/krayu/PyPractice/sonarqube/elasticsearch/lib, --add-modules=jdk.net, --add-modules=ALL-MODULE-PATH, -Djdk.module.main=org.elasticsearch.server]
2025.05.28 18:21:16 INFO  es[][o.e.p.PluginsService] loaded module [parent-join]
2025.05.28 18:21:16 INFO  es[][o.e.p.PluginsService] loaded module [lang-painless]
2025.05.28 18:21:16 INFO  es[][o.e.p.PluginsService] loaded module [x-pack-core]
2025.05.28 18:21:16 INFO  es[][o.e.p.PluginsService] loaded module [old-lucene-versions]
2025.05.28 18:21:16 INFO  es[][o.e.p.PluginsService] loaded module [rest-root]
2025.05.28 18:21:16 INFO  es[][o.e.p.PluginsService] loaded module [reindex]
2025.05.28 18:21:16 INFO  es[][o.e.p.PluginsService] loaded module [x-pack-redact]
2025.05.28 18:21:16 INFO  es[][o.e.p.PluginsService] loaded module [analysis-common]
2025.05.28 18:21:16 INFO  es[][o.e.p.PluginsService] loaded module [x-pack-security]
2025.05.28 18:21:16 INFO  es[][o.e.p.PluginsService] loaded module [transport-netty4]
2025.05.28 18:21:16 INFO  es[][o.e.p.PluginsService] loaded module [aggregations]
2025.05.28 18:21:16 INFO  es[][o.e.p.PluginsService] loaded module [apm]
2025.05.28 18:21:25 WARN  es[][o.e.t.ThreadPool] absolute clock went backwards by [335ms/335ms] while timer thread was sleeping
2025.05.28 18:21:26 INFO  es[][o.e.e.NodeEnvironment] using [1] data paths, mounts [[/ (/dev/sdd)]], net usable_space [938.6gb], net total_space [1006.8gb], types [ext4]
2025.05.28 18:21:26 INFO  es[][o.e.e.NodeEnvironment] heap size [512mb], compressed ordinary object pointers [true]
2025.05.28 18:21:26 INFO  es[][o.e.n.Node] node name [sonarqube], node ID [LB0hcqOhTOGeci3UatkqyQ], cluster name [sonarqube], roles [data_cold, data, remote_cluster_client, master, data_warm, data_content, transform, data_hot, ml, data_frozen, ingest]
2025.05.28 18:21:29 INFO  es[][o.e.x.s.Security] Security is disabled
2025.05.28 18:21:29 INFO  es[][o.e.t.n.NettyAllocator] creating NettyAllocator with the following configs: [name=unpooled, suggested_max_allocation_size=1mb, factors={es.unsafe.use_unpooled_allocator=null, g1gc_enabled=true, g1gc_region_size=4mb, heap_size=512mb}]
2025.05.28 18:21:30 INFO  es[][o.e.i.r.RecoverySettings] using rate limit [40mb] with [default=40mb, read=0b, write=0b, max=0b]
2025.05.28 18:21:30 INFO  es[][o.e.d.DiscoveryModule] using discovery type [single-node] and seed hosts providers [settings]
2025.05.28 18:21:31 INFO  es[][o.e.n.Node] initialized
2025.05.28 18:21:31 INFO  es[][o.e.n.Node] starting ...
2025.05.28 18:21:32 INFO  es[][o.e.t.TransportService] publish_address {127.0.0.1:35235}, bound_addresses {127.0.0.1:35235}
2025.05.28 18:21:32 INFO  es[][o.e.c.c.ClusterBootstrapService] this node has not joined a bootstrapped cluster yet; [cluster.initial_master_nodes] is set to [sonarqube]
2025.05.28 18:21:32 INFO  es[][o.e.c.c.Coordinator] setting initial configuration to VotingConfiguration{LB0hcqOhTOGeci3UatkqyQ}
2025.05.28 18:21:32 INFO  es[][o.e.c.s.MasterService] elected-as-master ([1] nodes joined in term 1)[_FINISH_ELECTION_, {sonarqube}{LB0hcqOhTOGeci3UatkqyQ}{wywlyBUkQ32M3UsxUOUTJw}{sonarqube}{127.0.0.1}{127.0.0.1:35235}{cdfhilmrstw}{8.11.0}{7000099-8500003} completing election], term: 1, version: 1, delta: master node changed {previous [], current [{sonarqube}{LB0hcqOhTOGeci3UatkqyQ}{wywlyBUkQ32M3UsxUOUTJw}{sonarqube}{127.0.0.1}{127.0.0.1:35235}{cdfhilmrstw}{8.11.0}{7000099-8500003}]}
2025.05.28 18:21:32 INFO  es[][o.e.c.c.CoordinationState] cluster UUID set to [o21a_nRlTSG9iEq_yN1BbA]
2025.05.28 18:21:32 INFO  es[][o.e.c.s.ClusterApplierService] master node changed {previous [], current [{sonarqube}{LB0hcqOhTOGeci3UatkqyQ}{wywlyBUkQ32M3UsxUOUTJw}{sonarqube}{127.0.0.1}{127.0.0.1:35235}{cdfhilmrstw}{8.11.0}{7000099-8500003}]}, term: 1, version: 1, reason: Publication{term=1, version=1}
2025.05.28 18:21:32 INFO  es[][o.e.c.f.AbstractFileWatchingService] starting file watcher ...
2025.05.28 18:21:32 INFO  es[][o.e.c.f.AbstractFileWatchingService] file settings service up and running [tid=29]
2025.05.28 18:21:32 INFO  es[][o.e.c.c.NodeJoinExecutor] node-join: [{sonarqube}{LB0hcqOhTOGeci3UatkqyQ}{wywlyBUkQ32M3UsxUOUTJw}{sonarqube}{127.0.0.1}{127.0.0.1:35235}{cdfhilmrstw}{8.11.0}{7000099-8500003}] with reason [completing election]
2025.05.28 18:21:32 INFO  es[][o.e.h.AbstractHttpServerTransport] publish_address {127.0.0.1:9001}, bound_addresses {127.0.0.1:9001}
2025.05.28 18:21:32 INFO  es[][o.e.n.Node] started {sonarqube}{LB0hcqOhTOGeci3UatkqyQ}{wywlyBUkQ32M3UsxUOUTJw}{sonarqube}{127.0.0.1}{127.0.0.1:35235}{cdfhilmrstw}{8.11.0}{7000099-8500003}{xpack.installed=true, rack_id=sonarqube}
2025.05.28 18:21:32 INFO  es[][o.e.g.GatewayService] recovered [0] indices into cluster_state
2025.05.28 18:21:33 INFO  es[][o.e.h.n.s.HealthNodeTaskExecutor] Node [{sonarqube}{LB0hcqOhTOGeci3UatkqyQ}] is selected as the current health node.
2025.05.28 18:21:33 INFO  es[][o.e.l.ClusterStateLicenseService] license [457ec856-5fce-4b13-a9e7-7e52d70e8efa] mode [basic] - valid
2025.05.28 18:21:56 WARN  es[][o.e.t.ThreadPool] absolute clock went backwards by [352ms/352ms] while timer thread was sleeping
2025.05.28 18:22:04 INFO  es[][o.e.c.m.MetadataCreateIndexService] [metadatas] creating index, cause [api], templates [], shards [1]/[0]
2025.05.28 18:22:04 INFO  es[][o.e.i.m.MapperService] reloading search analyzers
2025.05.28 18:22:05 INFO  es[][o.e.c.r.a.AllocationService] current.health="GREEN" message="Cluster health status changed from [YELLOW] to [GREEN] (reason: [shards started [[metadatas][0]]])." previous.health="YELLOW" reason="shards started [[metadatas][0]]"
2025.05.28 18:22:05 INFO  es[][o.e.c.m.MetadataMappingService] [metadatas/YgHIk5JYSBi1WayijDhiGA] create_mapping
2025.05.28 18:22:07 INFO  es[][o.e.c.m.MetadataCreateIndexService] [components] creating index, cause [api], templates [], shards [5]/[0]
2025.05.28 18:22:07 INFO  es[][o.e.i.m.MapperService] reloading search analyzers
2025.05.28 18:22:07 INFO  es[][o.e.c.r.a.AllocationService] current.health="GREEN" message="Cluster health status changed from [YELLOW] to [GREEN] (reason: [shards started [[components][4]]])." previous.health="YELLOW" reason="shards started [[components][4]]"
2025.05.28 18:22:07 INFO  es[][o.e.c.m.MetadataMappingService] [components/8w7ji9lYRK2Hd_nb6mlGIQ] create_mapping
2025.05.28 18:22:07 INFO  es[][o.e.c.m.MetadataCreateIndexService] [projectmeasures] creating index, cause [api], templates [], shards [5]/[0]
2025.05.28 18:22:08 INFO  es[][o.e.i.m.MapperService] reloading search analyzers
2025.05.28 18:22:08 INFO  es[][o.e.c.r.a.AllocationService] current.health="GREEN" message="Cluster health status changed from [YELLOW] to [GREEN] (reason: [shards started [[projectmeasures][4]]])." previous.health="YELLOW" reason="shards started [[projectmeasures][4]]"
2025.05.28 18:22:08 INFO  es[][o.e.c.m.MetadataMappingService] [projectmeasures/P49ivyclRSSnumSSS-liWw] create_mapping
2025.05.28 18:22:09 INFO  es[][o.e.c.m.MetadataCreateIndexService] [rules] creating index, cause [api], templates [], shards [2]/[0]
2025.05.28 18:22:09 INFO  es[][o.e.i.m.MapperService] reloading search analyzers
2025.05.28 18:22:09 INFO  es[][o.e.c.r.a.AllocationService] current.health="GREEN" message="Cluster health status changed from [YELLOW] to [GREEN] (reason: [shards started [[rules][1]]])." previous.health="YELLOW" reason="shards started [[rules][1]]"
2025.05.28 18:22:09 INFO  es[][o.e.c.m.MetadataMappingService] [rules/HHSdJ_hoQT6_7RHPjR3s7A] create_mapping
2025.05.28 18:22:10 INFO  es[][o.e.c.m.MetadataCreateIndexService] [issues] creating index, cause [api], templates [], shards [5]/[0]
2025.05.28 18:22:10 INFO  es[][o.e.i.m.MapperService] reloading search analyzers
2025.05.28 18:22:11 INFO  es[][o.e.c.r.a.AllocationService] current.health="GREEN" message="Cluster health status changed from [YELLOW] to [GREEN] (reason: [shards started [[issues][4]]])." previous.health="YELLOW" reason="shards started [[issues][4]]"
2025.05.28 18:22:11 INFO  es[][o.e.c.m.MetadataMappingService] [issues/fMNh7GdQQ0KXsbIOlVUYmA] create_mapping
2025.05.28 18:22:11 INFO  es[][o.e.c.m.MetadataCreateIndexService] [views] creating index, cause [api], templates [], shards [5]/[0]
2025.05.28 18:22:11 INFO  es[][o.e.i.m.MapperService] reloading search analyzers
2025.05.28 18:22:12 INFO  es[][o.e.c.r.a.AllocationService] current.health="GREEN" message="Cluster health status changed from [YELLOW] to [GREEN] (reason: [shards started [[views][4]]])." previous.health="YELLOW" reason="shards started [[views][4]]"
2025.05.28 18:22:12 INFO  es[][o.e.c.m.MetadataMappingService] [views/AFtO3xc8QfGgkU8RWt8keA] create_mapping
2025.05.28 18:22:28 WARN  es[][o.e.t.ThreadPool] absolute clock went backwards by [378ms/378ms] while timer thread was sleeping
2025.05.28 18:22:41 WARN  es[][o.e.m.j.JvmGcMonitorService] [gc][young][68][13] duration [2.6s], collections [1]/[3s], total [2.6s]/[3.5s], memory [66.1mb]->[62.5mb]/[512mb], all_pools {[young] [4mb]->[0b]/[0b]}{[old] [48.3mb]->[60.5mb]/[512mb]}{[survivor] [13.8mb]->[1.9mb]/[0b]}
2025.05.28 18:22:41 WARN  es[][o.e.m.j.JvmGcMonitorService] [gc][68] overhead, spent [2.6s] collecting in the last [3s]
2025.05.28 18:23:00 WARN  es[][o.e.t.ThreadPool] absolute clock went backwards by [364ms/364ms] while timer thread was sleeping
2025.05.28 18:23:32 INFO  es[][o.e.m.j.JvmGcMonitorService] [gc][119] overhead, spent [291ms] collecting in the last [1s]
2025.05.28 18:23:31 WARN  es[][o.e.t.ThreadPool] absolute clock went backwards by [372ms/372ms] while timer thread was sleeping
2025.05.28 18:24:03 WARN  es[][o.e.t.ThreadPool] absolute clock went backwards by [364ms/364ms] while timer thread was sleeping
2025.05.28 18:24:27 INFO  es[][o.e.c.s.IndexScopedSettings] updating [index.refresh_interval] from [30s] to [-1]
2025.05.28 18:24:27 INFO  es[][o.e.c.s.IndexScopedSettings] updating [index.refresh_interval] from [30s] to [-1]
2025.05.28 18:24:27 INFO  es[][o.e.c.s.IndexScopedSettings] updating [index.refresh_interval] from [-1] to [30s]
2025.05.28 18:24:27 INFO  es[][o.e.c.s.IndexScopedSettings] updating [index.refresh_interval] from [-1] to [30s]
2025.05.28 18:24:35 WARN  es[][o.e.t.ThreadPool] absolute clock went backwards by [372ms/372ms] while timer thread was sleeping
2025.05.28 18:25:06 WARN  es[][o.e.t.ThreadPool] absolute clock went backwards by [371ms/371ms] while timer thread was sleeping
2025.05.28 18:25:38 WARN  es[][o.e.t.ThreadPool] absolute clock went backwards by [376ms/376ms] while timer thread was sleeping
2025.05.28 18:26:10 WARN  es[][o.e.t.ThreadPool] absolute clock went backwards by [365ms/365ms] while timer thread was sleeping
2025.05.28 18:26:41 WARN  es[][o.e.t.ThreadPool] absolute clock went backwards by [377ms/377ms] while timer thread was sleeping
2025.05.28 18:27:13 WARN  es[][o.e.t.ThreadPool] absolute clock went backwards by [379ms/379ms] while timer thread was sleeping
2025.05.28 18:27:45 WARN  es[][o.e.t.ThreadPool] absolute clock went backwards by [387ms/387ms] while timer thread was sleeping
2025.05.28 18:28:16 WARN  es[][o.e.t.ThreadPool] absolute clock went backwards by [386ms/386ms] while timer thread was sleeping
2025.05.28 18:28:48 WARN  es[][o.e.t.ThreadPool] absolute clock went backwards by [320ms/320ms] while timer thread was sleeping
2025.05.28 18:29:20 WARN  es[][o.e.t.ThreadPool] absolute clock went backwards by [377ms/377ms] while timer thread was sleeping
2025.05.28 18:29:51 WARN  es[][o.e.t.ThreadPool] absolute clock went backwards by [356ms/356ms] while timer thread was sleeping
2025.05.28 18:30:23 WARN  es[][o.e.t.ThreadPool] absolute clock went backwards by [356ms/356ms] while timer thread was sleeping
2025.05.28 18:30:55 WARN  es[][o.e.t.ThreadPool] absolute clock went backwards by [312ms/312ms] while timer thread was sleeping
2025.05.28 18:31:27 WARN  es[][o.e.t.ThreadPool] absolute clock went backwards by [417ms/417ms] while timer thread was sleeping
2025.05.28 18:31:59 WARN  es[][o.e.t.ThreadPool] absolute clock went backwards by [364ms/364ms] while timer thread was sleeping
2025.05.28 18:32:30 WARN  es[][o.e.t.ThreadPool] absolute clock went backwards by [346ms/346ms] while timer thread was sleeping
2025.05.28 18:33:02 WARN  es[][o.e.t.ThreadPool] absolute clock went backwards by [362ms/362ms] while timer thread was sleeping
2025.05.28 18:33:34 WARN  es[][o.e.t.ThreadPool] absolute clock went backwards by [364ms/364ms] while timer thread was sleeping
2025.05.28 18:34:05 WARN  es[][o.e.t.ThreadPool] absolute clock went backwards by [358ms/358ms] while timer thread was sleeping
2025.05.28 18:34:37 WARN  es[][o.e.t.ThreadPool] absolute clock went backwards by [365ms/365ms] while timer thread was sleeping
2025.05.28 18:35:09 WARN  es[][o.e.t.ThreadPool] absolute clock went backwards by [368ms/368ms] while timer thread was sleeping
2025.05.28 18:35:40 WARN  es[][o.e.t.ThreadPool] absolute clock went backwards by [368ms/368ms] while timer thread was sleeping
2025.05.28 18:36:12 WARN  es[][o.e.t.ThreadPool] absolute clock went backwards by [376ms/376ms] while timer thread was sleeping
2025.05.28 18:36:44 WARN  es[][o.e.t.ThreadPool] absolute clock went backwards by [391ms/391ms] while timer thread was sleeping
2025.05.28 18:37:15 WARN  es[][o.e.t.ThreadPool] absolute clock went backwards by [341ms/341ms] while timer thread was sleeping
2025.05.28 18:37:47 WARN  es[][o.e.t.ThreadPool] absolute clock went backwards by [364ms/364ms] while timer thread was sleeping
2025.05.28 18:38:19 WARN  es[][o.e.t.ThreadPool] absolute clock went backwards by [383ms/383ms] while timer thread was sleeping
2025.05.28 18:38:50 WARN  es[][o.e.t.ThreadPool] absolute clock went backwards by [375ms/375ms] while timer thread was sleeping
2025.05.28 18:39:22 WARN  es[][o.e.t.ThreadPool] absolute clock went backwards by [381ms/381ms] while timer thread was sleeping
2025.05.28 18:39:54 WARN  es[][o.e.t.ThreadPool] absolute clock went backwards by [373ms/373ms] while timer thread was sleeping
2025.05.28 18:40:25 WARN  es[][o.e.t.ThreadPool] absolute clock went backwards by [371ms/371ms] while timer thread was sleeping
2025.05.28 18:40:53 INFO  es[][o.e.m.j.JvmGcMonitorService] [gc][1174] overhead, spent [423ms] collecting in the last [1.2s]
2025.05.28 18:40:57 WARN  es[][o.e.t.ThreadPool] absolute clock went backwards by [375ms/375ms] while timer thread was sleeping
2025.05.28 18:41:29 WARN  es[][o.e.t.ThreadPool] absolute clock went backwards by [380ms/380ms] while timer thread was sleeping
2025.05.28 18:42:01 WARN  es[][o.e.t.ThreadPool] absolute clock went backwards by [375ms/375ms] while timer thread was sleeping
2025.05.28 18:42:32 WARN  es[][o.e.t.ThreadPool] absolute clock went backwards by [371ms/371ms] while timer thread was sleeping
2025.05.28 18:43:04 INFO  es[][o.e.m.j.JvmGcMonitorService] [gc][1307] overhead, spent [285ms] collecting in the last [1.1s]
2025.05.28 18:43:04 WARN  es[][o.e.t.ThreadPool] absolute clock went backwards by [370ms/370ms] while timer thread was sleeping
2025.05.28 18:43:36 WARN  es[][o.e.t.ThreadPool] absolute clock went backwards by [388ms/388ms] while timer thread was sleeping
2025.05.28 18:44:07 WARN  es[][o.e.t.ThreadPool] absolute clock went backwards by [399ms/399ms] while timer thread was sleeping
2025.05.28 18:44:39 WARN  es[][o.e.t.ThreadPool] absolute clock went backwards by [356ms/356ms] while timer thread was sleeping
2025.05.28 18:45:11 WARN  es[][o.e.t.ThreadPool] absolute clock went backwards by [361ms/361ms] while timer thread was sleeping
2025.05.28 18:45:42 WARN  es[][o.e.t.ThreadPool] absolute clock went backwards by [404ms/404ms] while timer thread was sleeping
2025.05.28 18:46:14 WARN  es[][o.e.t.ThreadPool] absolute clock went backwards by [348ms/348ms] while timer thread was sleeping
2025.05.28 18:46:46 WARN  es[][o.e.t.ThreadPool] absolute clock went backwards by [368ms/368ms] while timer thread was sleeping
2025.05.28 18:47:17 WARN  es[][o.e.t.ThreadPool] absolute clock went backwards by [359ms/359ms] while timer thread was sleeping
2025.05.28 18:47:49 WARN  es[][o.e.t.ThreadPool] absolute clock went backwards by [343ms/343ms] while timer thread was sleeping
2025.05.28 18:48:21 WARN  es[][o.e.t.ThreadPool] absolute clock went backwards by [364ms/364ms] while timer thread was sleeping
2025.05.28 18:48:52 WARN  es[][o.e.t.ThreadPool] absolute clock went backwards by [368ms/368ms] while timer thread was sleeping
2025.05.28 18:49:24 WARN  es[][o.e.t.ThreadPool] absolute clock went backwards by [369ms/369ms] while timer thread was sleeping
2025.05.28 18:49:56 WARN  es[][o.e.t.ThreadPool] absolute clock went backwards by [369ms/369ms] while timer thread was sleeping
2025.05.28 18:50:27 WARN  es[][o.e.t.ThreadPool] absolute clock went backwards by [372ms/372ms] while timer thread was sleeping
2025.05.28 18:50:59 WARN  es[][o.e.t.ThreadPool] absolute clock went backwards by [367ms/367ms] while timer thread was sleeping
2025.05.28 18:51:31 WARN  es[][o.e.t.ThreadPool] absolute clock went backwards by [361ms/361ms] while timer thread was sleeping
2025.05.28 18:52:02 WARN  es[][o.e.t.ThreadPool] absolute clock went backwards by [373ms/373ms] while timer thread was sleeping
2025.05.28 18:52:34 WARN  es[][o.e.t.ThreadPool] absolute clock went backwards by [367ms/367ms] while timer thread was sleeping
2025.05.28 18:53:06 WARN  es[][o.e.t.ThreadPool] absolute clock went backwards by [368ms/368ms] while timer thread was sleeping
2025.05.28 18:53:37 WARN  es[][o.e.t.ThreadPool] absolute clock went backwards by [360ms/360ms] while timer thread was sleeping
2025.05.28 18:54:09 WARN  es[][o.e.t.ThreadPool] absolute clock went backwards by [383ms/383ms] while timer thread was sleeping
2025.05.28 18:54:41 WARN  es[][o.e.t.ThreadPool] absolute clock went backwards by [379ms/379ms] while timer thread was sleeping
2025.05.28 18:55:13 WARN  es[][o.e.t.ThreadPool] absolute clock went backwards by [381ms/381ms] while timer thread was sleeping
2025.05.28 18:55:44 WARN  es[][o.e.t.ThreadPool] absolute clock went backwards by [393ms/393ms] while timer thread was sleeping
2025.05.28 18:56:16 WARN  es[][o.e.t.ThreadPool] absolute clock went backwards by [390ms/390ms] while timer thread was sleeping
2025.05.28 18:56:48 WARN  es[][o.e.t.ThreadPool] absolute clock went backwards by [356ms/356ms] while timer thread was sleeping
2025.05.28 18:57:19 WARN  es[][o.e.t.ThreadPool] absolute clock went backwards by [378ms/378ms] while timer thread was sleeping
2025.05.28 18:57:51 WARN  es[][o.e.t.ThreadPool] absolute clock went backwards by [349ms/349ms] while timer thread was sleeping
2025.05.28 18:58:23 WARN  es[][o.e.t.ThreadPool] absolute clock went backwards by [352ms/352ms] while timer thread was sleeping
2025.05.28 18:58:54 WARN  es[][o.e.t.ThreadPool] absolute clock went backwards by [352ms/352ms] while timer thread was sleeping
2025.05.28 19:57:48 WARN  es[][o.e.t.ThreadPool] timer thread slept for [58.5m/3510408ms] on absolute clock which is above the warn threshold of [5000ms]
